  BoundingAABB.cpp
  BoundingOOBB.cpp
  BoundingSphere.cpp
  BoundingVolume.cpp
  CollisionDetection.cpp
  Debug.cpp
  GameClient.cpp
  GameObject.cpp
  GameServer.cpp
  GameWorld.cpp
  NavigationGrid.cpp
  NavigationMesh.cpp
  NetworkBase.cpp
  NetworkObject.cpp
  NetworkState.cpp
  PhysicsObject.cpp
  PhysicsSystem.cpp
  PositionConstraint.cpp
  PushdownMachine.cpp
  PushdownState.cpp
  Generating Code...
  Compiling...
  QuadTree.cpp
  RenderObject.cpp
  StateMachine.cpp
  StateTransition.cpp
  Transform.cpp
  Generating Code...
  CSC8503Common.vcxproj -> C:\Users\Admin\Downloads\CSC8503 2019 Download(1)\Win32\Debug\CSC8503Common.lib
