  Assets.cpp
  Camera.cpp
  GameTimer.cpp
  Keyboard.cpp
  Maths.cpp
  Matrix2.cpp
  Matrix3.cpp
  Matrix4.cpp
  MeshGeometry.cpp
  Mouse.cpp
  Plane.cpp
  Quaternion.cpp
  RendererBase.cpp
  ShaderBase.cpp
  SimpleFont.cpp
  TextureBase.cpp
  TextureLoader.cpp
  TextureWriter.cpp
  Vector2.cpp
  Vector3.cpp
  Generating Code...
  Compiling...
  Vector4.cpp
  Win32Keyboard.cpp
  Win32Mouse.cpp
  Win32Window.cpp
  Window.cpp
  Generating Code...
  Common.vcxproj -> C:\Users\Admin\Downloads\CSC8503 2019 Download(1)\Win32\Debug\Common.lib
